('incepe', -1)
('{', -1)
('intreg', -1)
('id', (97, 0))
(',', -1)
('id', (98, 0))
(',', -1)
('id', (99, 0))
(',', -1)
('id', (97, 1))
(';', -1)
('citeste', -1)
('(', -1)
('id', (97, 0))
(')', -1)
(';', -1)
('citeste', -1)
('(', -1)
('id', (98, 0))
(')', -1)
(';', -1)
('citeste', -1)
('(', -1)
('id', (99, 0))
(')', -1)
(';', -1)
('daca', -1)
('(', -1)
('id', (97, 0))
('>=', -1)
('id', (98, 0))
('si', -1)
('id', (97, 0))
('>=', -1)
('id', (99, 0))
(')', -1)
('{', -1)
('afiseaza', -1)
('(', -1)
('id', (97, 0))
(')', -1)
(';', -1)
('}', -1)
('daca', -1)
('(', -1)
('id', (98, 0))
('>=', -1)
('id', (97, 0))
('si', -1)
('id', (98, 0))
('>=', -1)
('id', (99, 0))
(')', -1)
('{', -1)
('afiseaza', -1)
('(', -1)
('id', (98, 0))
(')', -1)
(';', -1)
('}', -1)
('daca', -1)
('(', -1)
('id', (99, 0))
('>=', -1)
('id', (97, 0))
('si', -1)
('id', (99, 0))
('>=', -1)
('id', (98, 0))
(')', -1)
('{', -1)
('afiseaza', -1)
('(', -1)
('id', (99, 0))
(')', -1)
(';', -1)
('}', -1)
('}', -1)